{"level":"info","message":"Sucesso ao buscar dados do post"}
{"level":"error","message":"Erro ao buscar dados do post: "}
{"level":"info","message":"Sucesso ao buscar dados do post"}
{"level":"info","message":"Sucesso ao buscar dados do post"}
{"level":"error","message":"Erro ao buscar dados do post:  dompurify__WEBPACK_IMPORTED_MODULE_2__.default.sanitize is not a function","stack":"TypeError: dompurify__WEBPACK_IMPORTED_MODULE_2__.default.sanitize is not a function\n    at getPostBySlug (webpack-internal:///(rsc)/./src/app/posts/[slug]/page.js:25:79)\n    at process.processTicksAndRejections (node:internal/process/task_queues:105:5)\n    at async Posts (webpack-internal:///(rsc)/./src/app/posts/[slug]/page.js:34:18)"}
{"level":"info","message":"Sucesso ao buscar dados do post"}
{"level":"error","message":"Erro ao buscar dados do post: "}
{"level":"info","message":"Sucesso ao buscar dados do post"}
{"level":"error","message":"Erro ao buscar dados do post:  dompurify__WEBPACK_IMPORTED_MODULE_2__.default.sanitize is not a function","stack":"TypeError: dompurify__WEBPACK_IMPORTED_MODULE_2__.default.sanitize is not a function\n    at getPostBySlug (webpack-internal:///(rsc)/./src/app/posts/[slug]/page.js:25:79)\n    at process.processTicksAndRejections (node:internal/process/task_queues:105:5)\n    at async Posts (webpack-internal:///(rsc)/./src/app/posts/[slug]/page.js:34:18)"}
{"level":"info","message":"Sucesso ao buscar dados do post"}
{"level":"error","message":"Erro ao buscar dados do post:  dompurify__WEBPACK_IMPORTED_MODULE_2__.default.sanitize is not a function","stack":"TypeError: dompurify__WEBPACK_IMPORTED_MODULE_2__.default.sanitize is not a function\n    at getPostBySlug (webpack-internal:///(rsc)/./src/app/posts/[slug]/page.js:25:79)\n    at async Posts (webpack-internal:///(rsc)/./src/app/posts/[slug]/page.js:34:18)"}
{"level":"info","message":"Sucesso ao buscar dados do post"}
{"level":"error","message":"Erro ao buscar dados do post:  dompurify__WEBPACK_IMPORTED_MODULE_2__.default.sanitize is not a function","stack":"TypeError: dompurify__WEBPACK_IMPORTED_MODULE_2__.default.sanitize is not a function\n    at getPostBySlug (webpack-internal:///(rsc)/./src/app/posts/[slug]/page.js:25:85)\n    at process.processTicksAndRejections (node:internal/process/task_queues:105:5)\n    at async Posts (webpack-internal:///(rsc)/./src/app/posts/[slug]/page.js:34:18)"}
{"level":"info","message":"Sucesso ao buscar dados do post"}
{"level":"error","message":"Erro ao buscar dados do post:  dompurify__WEBPACK_IMPORTED_MODULE_2__.default.sanitize is not a function","stack":"TypeError: dompurify__WEBPACK_IMPORTED_MODULE_2__.default.sanitize is not a function\n    at getPostBySlug (webpack-internal:///(rsc)/./src/app/posts/[slug]/page.js:25:79)\n    at process.processTicksAndRejections (node:internal/process/task_queues:105:5)\n    at async Posts (webpack-internal:///(rsc)/./src/app/posts/[slug]/page.js:34:18)"}
{"level":"info","message":"Sucesso ao buscar dados do post"}
{"level":"error","message":"Erro ao buscar dados do post:  dompurify__WEBPACK_IMPORTED_MODULE_2__.default.sanitize is not a function","stack":"TypeError: dompurify__WEBPACK_IMPORTED_MODULE_2__.default.sanitize is not a function\n    at getPostBySlug (webpack-internal:///(rsc)/./src/app/posts/[slug]/page.js:25:79)\n    at process.processTicksAndRejections (node:internal/process/task_queues:105:5)\n    at async Posts (webpack-internal:///(rsc)/./src/app/posts/[slug]/page.js:34:18)"}
{"level":"info","message":"Sucesso ao buscar dados do post"}
{"level":"error","message":"Erro ao buscar dados do post:  dompurify__WEBPACK_IMPORTED_MODULE_2__.default.sanitize is not a function","stack":"TypeError: dompurify__WEBPACK_IMPORTED_MODULE_2__.default.sanitize is not a function\n    at getPostBySlug (webpack-internal:///(rsc)/./src/app/posts/[slug]/page.js:25:79)\n    at process.processTicksAndRejections (node:internal/process/task_queues:105:5)\n    at async Posts (webpack-internal:///(rsc)/./src/app/posts/[slug]/page.js:35:18)"}
{"level":"info","message":"Sucesso ao buscar dados do post"}
{"level":"error","message":"Erro ao buscar dados do post:  dompurify__WEBPACK_IMPORTED_MODULE_2__.default.sanitize is not a function","stack":"TypeError: dompurify__WEBPACK_IMPORTED_MODULE_2__.default.sanitize is not a function\n    at getPostBySlug (webpack-internal:///(rsc)/./src/app/posts/[slug]/page.js:25:79)\n    at process.processTicksAndRejections (node:internal/process/task_queues:105:5)\n    at async Posts (webpack-internal:///(rsc)/./src/app/posts/[slug]/page.js:35:18)"}
{"level":"info","message":"Sucesso ao buscar dados do post"}
{"level":"error","message":"Erro ao buscar dados do post:  sanitize is not defined","stack":"ReferenceError: sanitize is not defined\n    at getPostBySlug (webpack-internal:///(rsc)/./src/app/posts/[slug]/page.js:25:29)\n    at process.processTicksAndRejections (node:internal/process/task_queues:105:5)\n    at async Posts (webpack-internal:///(rsc)/./src/app/posts/[slug]/page.js:35:18)"}
{"level":"info","message":"Sucesso ao buscar dados do post"}
{"level":"error","message":"Erro ao buscar dados do post:  sanitize is not defined","stack":"ReferenceError: sanitize is not defined\n    at getPostBySlug (webpack-internal:///(rsc)/./src/app/posts/[slug]/page.js:23:29)\n    at process.processTicksAndRejections (node:internal/process/task_queues:105:5)\n    at async Posts (webpack-internal:///(rsc)/./src/app/posts/[slug]/page.js:33:18)"}
{"level":"info","message":"Sucesso ao buscar dados do post"}
{"level":"error","message":"Erro ao buscar dados do post:  (0 , dompurify__WEBPACK_IMPORTED_MODULE_2__.sanitize) is not a function","stack":"TypeError: (0 , dompurify__WEBPACK_IMPORTED_MODULE_2__.sanitize) is not a function\n    at getPostBySlug (webpack-internal:///(rsc)/./src/app/posts/[slug]/page.js:25:80)\n    at process.processTicksAndRejections (node:internal/process/task_queues:105:5)\n    at async Posts (webpack-internal:///(rsc)/./src/app/posts/[slug]/page.js:35:18)"}
{"level":"info","message":"Sucesso ao buscar dados do post"}
{"level":"error","message":"Erro ao buscar dados do post:  sanitize is not defined","stack":"ReferenceError: sanitize is not defined\n    at getPostBySlug (webpack-internal:///(rsc)/./src/app/posts/[slug]/page.js:25:29)\n    at process.processTicksAndRejections (node:internal/process/task_queues:105:5)\n    at async Posts (webpack-internal:///(rsc)/./src/app/posts/[slug]/page.js:35:18)"}
{"level":"info","message":"Sucesso ao buscar dados do post"}
{"level":"error","message":"Erro ao buscar dados do post:  dompurify__WEBPACK_IMPORTED_MODULE_2__.default.sanitize is not a function","stack":"TypeError: dompurify__WEBPACK_IMPORTED_MODULE_2__.default.sanitize is not a function\n    at getPostBySlug (webpack-internal:///(rsc)/./src/app/posts/[slug]/page.js:25:79)\n    at process.processTicksAndRejections (node:internal/process/task_queues:105:5)\n    at async Posts (webpack-internal:///(rsc)/./src/app/posts/[slug]/page.js:35:18)"}
{"level":"info","message":"Sucesso ao buscar dados do post"}
{"level":"error","message":"Erro ao buscar dados do post:  dompurify__WEBPACK_IMPORTED_MODULE_2__.default.sanitize is not a function","stack":"TypeError: dompurify__WEBPACK_IMPORTED_MODULE_2__.default.sanitize is not a function\n    at getPostBySlug (webpack-internal:///(rsc)/./src/app/posts/[slug]/page.js:25:79)\n    at async Posts (webpack-internal:///(rsc)/./src/app/posts/[slug]/page.js:35:18)"}
{"level":"info","message":"Sucesso ao buscar dados do post"}
{"level":"error","message":"Erro ao buscar dados do post:  dompurify__WEBPACK_IMPORTED_MODULE_2__.default.sanitize is not a function","stack":"TypeError: dompurify__WEBPACK_IMPORTED_MODULE_2__.default.sanitize is not a function\n    at getPostBySlug (webpack-internal:///(rsc)/./src/app/posts/[slug]/page.js:25:79)\n    at async Posts (webpack-internal:///(rsc)/./src/app/posts/[slug]/page.js:35:18)"}
{"level":"info","message":"Sucesso ao buscar dados do post"}
{"level":"error","message":"Erro ao buscar dados do post:  dompurify__WEBPACK_IMPORTED_MODULE_2__.default.sanitize is not a function","stack":"TypeError: dompurify__WEBPACK_IMPORTED_MODULE_2__.default.sanitize is not a function\n    at getPostBySlug (webpack-internal:///(rsc)/./src/app/posts/[slug]/page.js:25:79)\n    at async Posts (webpack-internal:///(rsc)/./src/app/posts/[slug]/page.js:35:18)"}
{"level":"info","message":"Sucesso ao buscar dados do post"}
{"level":"error","message":"Erro ao buscar dados do post:  DOMPurify is not defined","stack":"ReferenceError: DOMPurify is not defined\n    at getPostBySlug (webpack-internal:///(rsc)/./src/app/posts/[slug]/page.js:23:29)\n    at process.processTicksAndRejections (node:internal/process/task_queues:105:5)\n    at async Posts (webpack-internal:///(rsc)/./src/app/posts/[slug]/page.js:33:18)"}
{"level":"info","message":"Sucesso ao buscar dados do post"}
{"level":"error","message":"Erro ao buscar dados do post:  contentHTML is not defined","stack":"ReferenceError: contentHTML is not defined\n    at getPostBySlug (webpack-internal:///(rsc)/./src/app/posts/[slug]/page.js:23:21)\n    at process.processTicksAndRejections (node:internal/process/task_queues:105:5)\n    at async Posts (webpack-internal:///(rsc)/./src/app/posts/[slug]/page.js:32:18)"}
{"level":"info","message":"Sucesso ao buscar dados do post"}
{"level":"info","message":"Sucesso ao buscar dados do post"}
{"level":"info","message":"Sucesso ao buscar dados do post"}
{"level":"error","message":"Erro ao buscar dados do post:  contentHTML is not defined","stack":"ReferenceError: contentHTML is not defined\n    at getPostBySlug (webpack-internal:///(rsc)/./src/app/posts/[slug]/page.js:23:25)\n    at process.processTicksAndRejections (node:internal/process/task_queues:105:5)\n    at async Posts (webpack-internal:///(rsc)/./src/app/posts/[slug]/page.js:31:18)"}
{"level":"info","message":"Sucesso ao buscar dados do post"}
{"level":"error","message":"Erro ao buscar dados do post:  contentHTML is not defined","stack":"ReferenceError: contentHTML is not defined\n    at getPostBySlug (webpack-internal:///(rsc)/./src/app/posts/[slug]/page.js:23:25)\n    at process.processTicksAndRejections (node:internal/process/task_queues:105:5)\n    at async Posts (webpack-internal:///(rsc)/./src/app/posts/[slug]/page.js:31:18)"}
{"level":"info","message":"Sucesso ao buscar dados do post"}
{"level":"info","message":"Sucesso ao buscar dados do post"}
{"level":"info","message":"Sucesso ao buscar dados do post"}
{"level":"info","message":"Sucesso ao buscar dados do post"}
{"level":"info","message":"Sucesso ao buscar dados do post"}
{"level":"info","message":"Sucesso ao buscar dados do post"}
{"level":"info","message":"Sucesso ao buscar dados do post"}
{"level":"info","message":"Sucesso ao buscar dados do post"}
{"level":"info","message":"Sucesso ao buscar dados do post"}
{"level":"info","message":"Sucesso ao buscar dados do post"}
{"level":"info","message":"Sucesso ao buscar dados do post"}
{"level":"info","message":"Sucesso ao buscar dados do post"}
{"level":"info","message":"Sucesso ao buscar dados do post"}
{"level":"info","message":"Sucesso ao buscar dados do post"}
{"level":"info","message":"Sucesso ao buscar dados do post"}
{"level":"info","message":"Sucesso ao buscar dados do post"}
{"level":"info","message":"Sucesso ao buscar dados do post"}
{"level":"info","message":"Sucesso ao buscar dados do post"}
{"level":"info","message":"Sucesso ao buscar dados do post"}
{"level":"info","message":"Sucesso ao buscar dados do post"}
{"level":"info","message":"Sucesso ao buscar dados do post"}
{"level":"info","message":"Sucesso ao buscar dados do post"}
{"level":"info","message":"Sucesso ao buscar dados do post"}
{"level":"info","message":"Sucesso ao buscar dados do post"}
{"level":"info","message":"Sucesso ao buscar dados do post"}
{"level":"info","message":"Sucesso ao buscar dados do post"}
{"level":"info","message":"Sucesso ao buscar dados do post"}
{"level":"info","message":"Sucesso ao buscar dados do post"}
{"level":"info","message":"Sucesso ao buscar dados do post"}
{"level":"info","message":"Sucesso ao buscar dados do post"}
{"level":"info","message":"Sucesso ao buscar dados do post"}
{"level":"info","message":"Sucesso ao buscar dados do post"}
{"level":"info","message":"Sucesso ao buscar dados do post"}
{"level":"info","message":"Sucesso ao buscar dados do post"}
{"level":"info","message":"Sucesso ao buscar dados do post"}
{"level":"info","message":"Sucesso ao buscar dados do post"}
{"level":"info","message":"Sucesso ao buscar dados do post"}
{"level":"info","message":"Sucesso ao buscar dados do post"}
{"level":"info","message":"Sucesso ao buscar dados do post"}
{"level":"info","message":"Sucesso ao buscar dados do post"}
{"level":"info","message":"Sucesso ao buscar dados do post"}
{"level":"info","message":"Sucesso ao buscar dados do post"}
{"level":"info","message":"Sucesso ao buscar dados do post"}
{"level":"info","message":"Sucesso ao buscar dados do post"}
{"level":"info","message":"Sucesso ao buscar dados do post"}
{"level":"info","message":"Sucesso ao buscar dados do post"}
{"level":"info","message":"Sucesso ao buscar dados do post"}
{"level":"info","message":"Sucesso ao buscar dados do post"}
{"level":"info","message":"Sucesso ao buscar dados do post"}
{"level":"info","message":"Sucesso ao buscar dados do post"}
{"level":"info","message":"Sucesso ao buscar dados do post"}
{"level":"info","message":"Sucesso ao buscar dados do post"}
{"level":"info","message":"Sucesso ao buscar dados do post"}
{"level":"info","message":"Sucesso ao buscar dados do post"}
{"level":"info","message":"Sucesso ao buscar dados do post"}
{"level":"info","message":"Sucesso ao buscar dados do post"}
{"level":"info","message":"Sucesso ao buscar dados do post"}
{"level":"info","message":"Sucesso ao buscar dados do post"}
{"level":"info","message":"Sucesso ao buscar dados do post"}
{"level":"info","message":"Sucesso ao buscar dados do post"}
{"level":"info","message":"Sucesso ao buscar dados do post"}
{"level":"info","message":"Sucesso ao buscar dados do post"}
{"level":"info","message":"Sucesso ao buscar dados do post"}
{"level":"info","message":"Sucesso ao buscar dados do post"}
{"level":"info","message":"Sucesso ao buscar dados do post"}
{"level":"info","message":"Sucesso ao buscar dados do post"}
{"level":"info","message":"Sucesso ao buscar dados do post"}
{"level":"info","message":"Sucesso ao buscar dados do post"}
{"level":"info","message":"Sucesso ao buscar dados do post"}
{"level":"info","message":"Sucesso ao buscar dados do post"}
{"level":"info","message":"Sucesso ao buscar dados do post"}
{"level":"info","message":"Sucesso ao buscar dados do post"}
{"level":"info","message":"Sucesso ao buscar dados do post"}
{"level":"info","message":"Sucesso ao buscar dados do post"}
{"level":"info","message":"Sucesso ao buscar dados do post"}
{"level":"info","message":"Sucesso ao buscar dados do post"}
{"level":"info","message":"Sucesso ao buscar dados do post"}
{"level":"info","message":"Sucesso ao buscar dados do post"}
{"level":"info","message":"Sucesso ao buscar dados do post"}
{"level":"info","message":"Sucesso ao buscar dados do post"}
{"level":"info","message":"Sucesso ao buscar dados do post"}
{"level":"info","message":"Sucesso ao buscar dados do post"}
{"level":"info","message":"Sucesso ao buscar dados do post"}
{"level":"info","message":"Sucesso ao buscar dados do post"}
{"level":"info","message":"Sucesso ao buscar dados do post"}
{"level":"info","message":"Sucesso ao buscar dados do post"}
{"level":"info","message":"Sucesso ao buscar dados do post"}
{"level":"info","message":"Sucesso ao buscar dados do post"}
{"level":"info","message":"Sucesso ao buscar dados do post"}
{"level":"info","message":"Sucesso ao buscar dados do post"}
{"level":"info","message":"Sucesso ao buscar dados do post"}
{"level":"info","message":"Sucesso ao buscar dados do post"}
{"level":"info","message":"Sucesso ao buscar dados do post"}
{"level":"info","message":"Sucesso ao buscar dados do post"}
{"level":"info","message":"Sucesso ao buscar dados do post"}
{"level":"info","message":"Sucesso ao buscar dados do post"}
{"level":"info","message":"Sucesso ao buscar dados do post"}
{"level":"info","message":"Sucesso ao buscar dados do post"}
{"level":"info","message":"Sucesso ao buscar dados do post"}
{"level":"info","message":"Sucesso ao buscar dados do post"}
{"level":"info","message":"Sucesso ao buscar dados do post"}
{"level":"info","message":"Sucesso ao buscar dados do post"}
{"level":"info","message":"Sucesso ao buscar dados do post"}
{"level":"info","message":"Sucesso ao buscar dados do post"}
{"level":"info","message":"Sucesso ao buscar dados do post"}
{"level":"info","message":"Sucesso ao buscar dados do post"}
{"level":"info","message":"Sucesso ao buscar dados do post"}
{"level":"info","message":"Sucesso ao buscar dados do post"}
{"level":"info","message":"Sucesso ao buscar dados do post"}
{"level":"info","message":"Sucesso ao buscar dados do post"}
{"level":"info","message":"Sucesso ao buscar dados do post"}
{"level":"info","message":"Sucesso ao buscar dados do post"}
{"level":"info","message":"Sucesso ao buscar dados do post"}
{"level":"info","message":"Sucesso ao buscar dados do post"}
{"level":"info","message":"Sucesso ao buscar dados do post"}
{"level":"info","message":"Sucesso ao buscar dados do post"}
{"level":"info","message":"Sucesso ao buscar dados do post"}
{"level":"info","message":"Sucesso ao buscar dados do post"}
{"level":"info","message":"Sucesso ao buscar dados do post"}
{"level":"info","message":"Sucesso ao buscar dados do post"}
{"level":"info","message":"Sucesso ao buscar dados do post"}
{"level":"info","message":"Sucesso ao buscar dados do post"}
{"level":"info","message":"Sucesso ao buscar dados do post"}
{"level":"info","message":"Sucesso ao buscar dados do post"}
{"level":"info","message":"Sucesso ao buscar dados do post"}
{"level":"info","message":"Sucesso ao buscar dados do post"}
{"level":"info","message":"Sucesso ao buscar dados do post"}
{"level":"info","message":"Sucesso ao buscar dados do post"}
{"level":"info","message":"Sucesso ao buscar dados do post"}
{"level":"info","message":"Sucesso ao buscar dados do post"}
{"level":"info","message":"Sucesso ao buscar dados do post"}
{"level":"info","message":"Sucesso ao buscar dados do post"}
{"level":"info","message":"Sucesso ao buscar dados do post"}
{"level":"info","message":"Sucesso ao buscar dados do post"}
{"level":"info","message":"Sucesso ao buscar dados do post"}
{"level":"info","message":"Sucesso ao buscar dados do post"}
{"level":"info","message":"Sucesso ao buscar dados do post"}
{"level":"info","message":"Sucesso ao buscar dados do post"}
{"level":"info","message":"Sucesso ao buscar dados do post"}
{"level":"info","message":"Sucesso ao buscar dados do post"}
{"level":"info","message":"Sucesso ao buscar dados do post"}
{"level":"info","message":"Sucesso ao buscar dados do post"}
{"level":"info","message":"Sucesso ao buscar dados do post"}
{"level":"info","message":"Sucesso ao buscar dados do post"}
{"level":"info","message":"Sucesso ao buscar dados do post"}
{"level":"info","message":"Sucesso ao buscar dados do post"}
{"level":"info","message":"Sucesso ao buscar dados do post"}
{"level":"info","message":"Sucesso ao buscar dados do post"}
{"level":"info","message":"Sucesso ao buscar dados do post"}
{"level":"info","message":"Sucesso ao buscar dados do post"}
{"level":"info","message":"Sucesso ao buscar dados do post"}
{"level":"info","message":"Sucesso ao buscar dados do post"}
{"level":"info","message":"Sucesso ao buscar dados do post"}
{"level":"info","message":"Sucesso ao buscar dados do post"}
{"level":"info","message":"Sucesso ao buscar dados do post"}
{"level":"info","message":"Sucesso ao buscar dados do post"}
{"level":"info","message":"Sucesso ao buscar dados do post"}
{"level":"info","message":"Sucesso ao buscar dados do post"}
{"level":"info","message":"Sucesso ao buscar dados do post"}
{"level":"info","message":"Posts obtidos com sucesso"}
{"level":"info","message":"Sucesso ao buscar dados do post"}
{"level":"info","message":"Sucesso ao buscar dados do post"}
{"level":"info","message":"Sucesso ao buscar dados do post"}
{"level":"info","message":"Sucesso ao buscar dados do post"}
